d:\webview2browser\webview2browserwrapper\x64\debug\vc142.pdb
d:\webview2browser\webview2browserwrapper\x64\debug\.netframework,version=v4.6.1.assemblyattributes.obj
d:\webview2browser\webview2browserwrapper\x64\debug\.netframework,version=v4.6.1.assemblyattributes.asm
d:\webview2browser\webview2browserwrapper\x64\debug\webview2browserwrapper.pch
d:\webview2browser\webview2browserwrapper\x64\debug\stdafx.obj
d:\webview2browser\webview2browserwrapper\x64\debug\assemblyinfo.obj
d:\webview2browser\webview2browserwrapper\x64\debug\app.res
d:\webview2browser\webview2browserwrapper\x64\debug\cpprest141_2_10d.dll
d:\webview2browser\webview2browserwrapper\x64\debug\webview2browserwrapper.vcxprojassemblyreference.cache
d:\webview2browser\webview2browserwrapper\x64\debug\webview2browserwrapper.obj
d:\webview2browser\webview2browserwrapper\x64\debug\webview2browser.ilk
d:\webview2browser\webview2browserwrapper\x64\debug\webview2browser.exp
d:\webview2browser\webview2browserwrapper\x64\debug\webview2browser.pdb
d:\webview2browser\webview2browserwrapper\x64\debug\webview2.f3bd2558.tlog\cl.command.1.tlog
d:\webview2browser\webview2browserwrapper\x64\debug\webview2.f3bd2558.tlog\cl.read.1.tlog
d:\webview2browser\webview2browserwrapper\x64\debug\webview2.f3bd2558.tlog\cl.write.1.tlog
d:\webview2browser\webview2browserwrapper\x64\debug\webview2.f3bd2558.tlog\link.command.1.tlog
d:\webview2browser\webview2browserwrapper\x64\debug\webview2.f3bd2558.tlog\link.read.1.tlog
d:\webview2browser\webview2browserwrapper\x64\debug\webview2.f3bd2558.tlog\link.write.1.tlog
d:\webview2browser\webview2browserwrapper\x64\debug\webview2.f3bd2558.tlog\metagen.read.1.tlog
d:\webview2browser\webview2browserwrapper\x64\debug\webview2.f3bd2558.tlog\metagen.write.1.tlog
d:\webview2browser\webview2browserwrapper\x64\debug\webview2.f3bd2558.tlog\rc.command.1.tlog
d:\webview2browser\webview2browserwrapper\x64\debug\webview2.f3bd2558.tlog\rc.read.1.tlog
d:\webview2browser\webview2browserwrapper\x64\debug\webview2.f3bd2558.tlog\rc.write.1.tlog
d:\webview2browser\webview2browserwrapper\x64\debug\webview2.f3bd2558.tlog\webview2browserwrapper.write.1u.tlog
